<?xml version="1.0" encoding="UTF-8"?>
<!-- Generated by org.testng.reporters.JUnitReportReporter -->
<testsuite skipped="0" hostname="DESKTOP-SOJOF74" name="test.LogginTest" tests="1" failures="0" timestamp="2020-04-27T20:08:48 IST" time="4.311" errors="0">
  <testcase name="loggin" time="4.311" classname="test.LogginTest"/>
  <system-out/>
</testsuite> <!-- test.LogginTest -->
