<?xml version="1.0" encoding="UTF-8"?>
<!-- Generated by org.testng.reporters.JUnitReportReporter -->
<testsuite skipped="0" hostname="DESKTOP-SOJOF74" name="pages.FileUploadDemo" tests="1" failures="0" timestamp="2020-04-29T20:00:36 IST" time="19.587" errors="0">
  <testcase name="setup" time="19.587" classname="pages.FileUploadDemo"/>
  <system-out/>
</testsuite> <!-- pages.FileUploadDemo -->
